proguard.cfg
-optimizationpasses 5
-dontusemixedcaseclassnames
-dontskipnonpubliclibraryclasses
-dontpreverify
-verbose
-optimizations !code/simplification/arithmetic,!field/*,!class/merging/*
-dontwarn android.support.**
-dontwarn com.nineoldandroids.**
-dontwarn eclipse.**

-keep public class * extends android.app.Activity
-keep public class * extends android.app.Application
-keep public class * extends android.app.Service
-keep public class * extends android.content.BroadcastReceiver
-keep public class * extends android.content.ContentProvider
-keep public class * extends android.app.backup.BackupAgentHelper
-keep public class * extends android.preference.Preference
-keep public class com.android.vending.licensing.ILicensingService

-keepclasseswithmembernames class * {
    native <methods>;
}

-keepclasseswithmembers class * {
    public <init>(android.content.Context, android.util.AttributeSet);
}

-keepclasseswithmembers class * {
    public <init>(android.content.Context, android.util.AttributeSet, int);
}

-keepclassmembers class * extends android.app.Activity {
   public void *(android.view.View);
}

-keepclassmembers enum * {
    public static **[] values();
    public static ** valueOf(java.lang.String);
}

-keep class * implements android.os.Parcelable {
  public static final android.os.Parcelable$Creator *;
}

-keepclassmembers class * {
   public <init>(org.json.JSONObject);
}

-keep public class com.umeng.fb.ui.ThreadView {
}

-keep public class fm.jihua.weixinexplorer.R$*{
    public static final int *;
}

-dontwarn android.webkit.WebView
-keep public class android.webkit.**
-dontwarn org.apache.http.entity.mime.**
-dontwarn org.apache.james.mime4j.**


##---------------Begin: proguard configuration for Gson  ----------
# Gson uses generic type information stored in a class file when working with fields. Proguard
# removes such information by default, so configure it to keep all of it.
-keepattributes Signature


# Gson specific classes
-keep class sun.misc.Unsafe { *; }
#-keep class com.google.gson.stream.** { *; }


# Application classes that will be serialized/deserialized over Gson
-keep class com.google.gson.examples.android.model.** { *; }

-keepattributes *Annotation*
-keep public class com.renren.** {
  public protected *;
}

-dontwarn android.net.http.**

##---------------End: proguard configuration for Gson  ----------
-keep class fm.jihua.weixinexplorer.rest.entities.** { *; }
-keep class fm.jihua.chat.** { *; }
-keep class com.google.gson.JsonObject { *; }
-keep class com.google.** { *; }
-keep class de.measite.smack.** {*; }
-keep class org.** {*; }
-keep class com.** {*;}
-keep class kankan.** {*;}
-keep class android.support.** {*;}
-keep class com.tencent.mm.sdk.openapi.WXMediaMessage {*;}
-keep class com.tencent.mm.sdk.openapi.** implements com.tencent.mm.sdk.openapi.WXMediaMessage$IMediaObject {*;}