proguard/seeds.txt
fm.jihua.weixinexplorer.App
fm.jihua.weixinexplorer.App: App()
fm.jihua.weixinexplorer.R$anim
fm.jihua.weixinexplorer.R$anim: int umeng_xp_fade_in
fm.jihua.weixinexplorer.R$anim: int umeng_xp_fade_out
fm.jihua.weixinexplorer.R$anim: int umeng_xp_large_gallery_in
fm.jihua.weixinexplorer.R$anim: int umeng_xp_progressbar
fm.jihua.weixinexplorer.R$anim: int umeng_xp_push_down_out
fm.jihua.weixinexplorer.R$anim: int umeng_xp_push_up_in
fm.jihua.weixinexplorer.R$anim: int umeng_xp_push_up_out
fm.jihua.weixinexplorer.R$anim: int umeng_xp_slide_in_from_bottom
fm.jihua.weixinexplorer.R$anim: int umeng_xp_slide_in_from_left
fm.jihua.weixinexplorer.R$anim: int umeng_xp_slide_in_from_right
fm.jihua.weixinexplorer.R$anim: int umeng_xp_slide_in_from_top
fm.jihua.weixinexplorer.R$anim: int umeng_xp_slide_out_from_bottom
fm.jihua.weixinexplorer.R$anim: int umeng_xp_slide_out_from_left
fm.jihua.weixinexplorer.R$anim: int umeng_xp_slide_out_from_right
fm.jihua.weixinexplorer.R$anim: int umeng_xp_slide_out_from_top
fm.jihua.weixinexplorer.R$anim: int umeng_xp_zoom_in
fm.jihua.weixinexplorer.R$anim: int umeng_xp_zoom_out
fm.jihua.weixinexplorer.R$array
fm.jihua.weixinexplorer.R$array: int UMageList
fm.jihua.weixinexplorer.R$array: int UMgenderList
fm.jihua.weixinexplorer.R$attr
fm.jihua.weixinexplorer.R$color
fm.jihua.weixinexplorer.R$color: int black
fm.jihua.weixinexplorer.R$color: int chartreuse
fm.jihua.weixinexplorer.R$color: int content_dark
fm.jihua.weixinexplorer.R$color: int content_light
fm.jihua.weixinexplorer.R$color: int course_divider_bottom
fm.jihua.weixinexplorer.R$color: int gray_dark
fm.jihua.weixinexplorer.R$color: int gray_darker
fm.jihua.weixinexplorer.R$color: int ivory
fm.jihua.weixinexplorer.R$color: int white
fm.jihua.weixinexplorer.R$dimen
fm.jihua.weixinexplorer.R$dimen: int tab_widget_height
fm.jihua.weixinexplorer.R$drawable
fm.jihua.weixinexplorer.R$drawable: int account_list_bg
fm.jihua.weixinexplorer.R$drawable: int attent_btn
fm.jihua.weixinexplorer.R$drawable: int attent_btn_action
fm.jihua.weixinexplorer.R$drawable: int attent_btn_action_pressed
fm.jihua.weixinexplorer.R$drawable: int attention_btn_profile
fm.jihua.weixinexplorer.R$drawable: int banner_cover_bg
fm.jihua.weixinexplorer.R$drawable: int banner_dot
fm.jihua.weixinexplorer.R$drawable: int banner_text_bg
fm.jihua.weixinexplorer.R$drawable: int bg_repeat
fm.jihua.weixinexplorer.R$drawable: int bottom_bg
fm.jihua.weixinexplorer.R$drawable: int btn_add
fm.jihua.weixinexplorer.R$drawable: int btn_add_pressed
fm.jihua.weixinexplorer.R$drawable: int btn_bg
fm.jihua.weixinexplorer.R$drawable: int btn_bg_pressed
fm.jihua.weixinexplorer.R$drawable: int btn_share
fm.jihua.weixinexplorer.R$drawable: int btn_share_pressed
fm.jihua.weixinexplorer.R$drawable: int button
fm.jihua.weixinexplorer.R$drawable: int category_title_line
fm.jihua.weixinexplorer.R$drawable: int default_avatar_border
fm.jihua.weixinexplorer.R$drawable: int default_avatar_weixin
fm.jihua.weixinexplorer.R$drawable: int default_more
fm.jihua.weixinexplorer.R$drawable: int ic_launcher
fm.jihua.weixinexplorer.R$drawable: int icon_new
fm.jihua.weixinexplorer.R$drawable: int icon_noti
fm.jihua.weixinexplorer.R$drawable: int input_bottom
fm.jihua.weixinexplorer.R$drawable: int input_bottom_default
...
com.umeng.common.net.o
com.umeng.common.net.o: com.umeng.common.net.o$a a
com.umeng.common.net.o: o(org.json.JSONObject)
com.umeng.common.net.o$a
com.umeng.common.net.o$a: com.umeng.common.net.o$a a
com.umeng.common.net.o$a: com.umeng.common.net.o$a b
com.umeng.common.net.o$a: com.umeng.common.net.o$a[] c
com.umeng.common.net.o$a: void <clinit>()
com.umeng.common.net.o$a: o$a(java.lang.String,int)
com.umeng.common.net.o$a: com.umeng.common.net.o$a[] values()
com.umeng.common.net.o$a: com.umeng.common.net.o$a valueOf(java.lang.String)
com.umeng.common.net.p
com.umeng.common.net.p: java.lang.String b
com.umeng.common.net.p: boolean a
com.umeng.common.net.p: long c
com.umeng.common.net.p: long d
com.umeng.common.net.p: java.util.Map e
com.umeng.common.net.p: java.lang.Thread f
com.umeng.common.net.p: void <clinit>()
com.umeng.common.net.p: p()
com.umeng.common.net.p: java.lang.String b(java.lang.String)
com.umeng.common.net.p: java.lang.String a(android.content.Context,java.lang.String)
com.umeng.common.net.p: long b(java.io.File)
com.umeng.common.net.p: void c(java.io.File)
com.umeng.common.net.p: java.io.File b(android.content.Context,java.lang.String)
com.umeng.common.net.p: void a(android.content.Context,android.widget.ImageView,java.lang.String,boolean)
com.umeng.common.net.p: void a(android.content.Context,android.widget.ImageView,java.lang.String,boolean,com.umeng.common.net.p$a)
com.umeng.common.net.p: void a(android.content.Context,android.widget.ImageView,java.lang.String,boolean,com.umeng.common.net.p$a,android.view.animation.Animation)
com.umeng.common.net.p: void a(android.content.Context,android.widget.ImageView,java.lang.String,boolean,com.umeng.common.net.p$a,android.view.animation.Animation,boolean)
com.umeng.common.net.p: boolean a(android.widget.ImageView,java.lang.String)
com.umeng.common.net.p: void b(android.content.Context,android.widget.ImageView,android.graphics.drawable.Drawable,boolean,com.umeng.common.net.p$a,android.view.animation.Animation,boolean,java.lang.String)
com.umeng.common.net.p$a
com.umeng.common.net.p$a: void a(com.umeng.common.net.p$b)
com.umeng.common.net.p$a: void a(com.umeng.common.net.o$a)
com.umeng.common.net.p$b
com.umeng.common.net.p$b: com.umeng.common.net.p$b a
com.umeng.common.net.p$b: com.umeng.common.net.p$b b
com.umeng.common.net.p$b: com.umeng.common.net.p$b[] c
com.umeng.common.net.p$b: void <clinit>()
com.umeng.common.net.p$b: p$b(java.lang.String,int)
com.umeng.common.net.p$b: com.umeng.common.net.p$b[] values()
com.umeng.common.net.p$b: com.umeng.common.net.p$b valueOf(java.lang.String)
com.umeng.common.net.p$c
com.umeng.common.net.p$c: android.content.Context a
com.umeng.common.net.p$c: java.lang.String b
com.umeng.common.net.p$c: android.widget.ImageView c
com.umeng.common.net.p$c: com.umeng.common.net.p$b d
com.umeng.common.net.p$c: boolean e
com.umeng.common.net.p$c: com.umeng.common.net.p$a f
com.umeng.common.net.p$c: android.view.animation.Animation g
com.umeng.common.net.p$c: boolean h
com.umeng.common.net.p$c: java.io.File i
com.umeng.common.net.p$c: p$c(android.content.Context,android.widget.ImageView,java.lang.String,com.umeng.common.net.p$b,java.io.File,boolean,com.umeng.common.net.p$a,android.view.animation.Animation,boolean)
com.umeng.common.net.p$c: void onPreExecute()
com.umeng.common.net.p$c: void a(android.graphics.drawable.Drawable)
com.umeng.common.net.p$c: android.graphics.drawable.Drawable a(java.lang.Object[])
com.umeng.common.net.p$c: void onPostExecute(java.lang.Object)
com.umeng.common.net.p$c: java.lang.Object doInBackground(java.lang.Object[])
com.umeng.common.net.q
com.umeng.common.net.q: java.io.File a
com.umeng.common.net.q: q(java.io.File)
com.umeng.common.net.q: void run()