proguard/mapping.txt
fm.jihua.weixinexplorer.App -> fm.jihua.weixinexplorer.App:
    java.util.List activityList -> a
    java.util.List weixinIdOldList -> b
    fm.jihua.weixinexplorer.utils.DatabaseHelper mDBHelper -> c
    android.database.sqlite.SQLiteDatabase mAccountDB -> d
    fm.jihua.weixinexplorer.cache.ImageCache mImageCache -> e
    android.support.v4.util.LruCache mMemoryCache -> f
    void onCreate() -> onCreate
    void addActivity(android.app.Activity) -> a
    void removeActivity(android.app.Activity) -> b
    void exit() -> a
    android.database.sqlite.SQLiteDatabase getAccountDB() -> b
    fm.jihua.weixinexplorer.utils.DatabaseHelper getDBHelper() -> c
    boolean existWeixinId(java.lang.String) -> a
    void updateWeixinIdOldList() -> d
    android.graphics.drawable.BitmapDrawable getBaseBackground(android.content.res.Resources) -> a
    fm.jihua.weixinexplorer.cache.ImageCache getImageCache() -> e
fm.jihua.weixinexplorer.AttentListener -> fm.jihua.weixinexplorer.a:
    void onAttented(int) -> a
fm.jihua.weixinexplorer.R -> fm.jihua.weixinexplorer.R:
fm.jihua.weixinexplorer.R$anim -> fm.jihua.weixinexplorer.R$anim:
    int umeng_xp_fade_in -> umeng_xp_fade_in
    int umeng_xp_fade_out -> umeng_xp_fade_out
    int umeng_xp_large_gallery_in -> umeng_xp_large_gallery_in
    int umeng_xp_progressbar -> umeng_xp_progressbar
    int umeng_xp_push_down_out -> umeng_xp_push_down_out
    int umeng_xp_push_up_in -> umeng_xp_push_up_in
    int umeng_xp_push_up_out -> umeng_xp_push_up_out
    int umeng_xp_slide_in_from_bottom -> umeng_xp_slide_in_from_bottom
    int umeng_xp_slide_in_from_left -> umeng_xp_slide_in_from_left
    int umeng_xp_slide_in_from_right -> umeng_xp_slide_in_from_right
    int umeng_xp_slide_in_from_top -> umeng_xp_slide_in_from_top
    int umeng_xp_slide_out_from_bottom -> umeng_xp_slide_out_from_bottom
    int umeng_xp_slide_out_from_left -> umeng_xp_slide_out_from_left
    int umeng_xp_slide_out_from_right -> umeng_xp_slide_out_from_right
    int umeng_xp_slide_out_from_top -> umeng_xp_slide_out_from_top
    int umeng_xp_zoom_in -> umeng_xp_zoom_in
    int umeng_xp_zoom_out -> umeng_xp_zoom_out
fm.jihua.weixinexplorer.R$array -> fm.jihua.weixinexplorer.R$array:
    int UMageList -> UMageList
    int UMgenderList -> UMgenderList
fm.jihua.weixinexplorer.R$attr -> fm.jihua.weixinexplorer.R$attr:
fm.jihua.weixinexplorer.R$color -> fm.jihua.weixinexplorer.R$color:
    int black -> black
    int chartreuse -> chartreuse
    int content_dark -> content_dark
    int content_light -> content_light
    int course_divider_bottom -> course_divider_bottom
    int gray_dark -> gray_dark
    int gray_darker -> gray_darker
    int ivory -> ivory
    int white -> white
fm.jihua.weixinexplorer.R$dimen -> fm.jihua.weixinexplorer.R$dimen:
    int tab_widget_height -> tab_widget_height
...
sdk.a.a.a.a.a.s -> sdk.a.a.a.a.a.s:
    long a -> a
    java.lang.String b -> b
    java.lang.String c -> c
    java.lang.String d -> d
    void a(byte[]) -> a
    byte[] c() -> a
sdk.a.a.a.a.a.t -> sdk.a.a.a.a.a.t:
    int a -> a
    java.lang.String b -> b
    java.lang.Object c -> c
    int d -> d
    java.lang.String e -> e
    void a(byte[]) -> a
    byte[] c() -> a
sdk.a.a.a.a.a.u -> sdk.a.a.a.a.a.u:
    long a -> a
    void a(byte[]) -> a
    byte[] c() -> a
sdk.b.a.a.a.a -> sdk.b.a.a.a.a:
    boolean a -> a
    com.igexin.sdk.GexinMainService b -> b
    void a() -> a
    void b() -> b
    boolean a$58625948(java.lang.Object) -> a
    boolean a$576faca8(sdk.c.a.e.d) -> a
    void c() -> c
    boolean d() -> d
sdk.b.a.a.a.b -> sdk.b.a.a.a.b:
    long c -> c
    long d -> d
    java.lang.String f -> f
    java.lang.String g -> g
    java.lang.String h -> h
    android.content.ContentValues i -> i
    java.lang.String j -> j
    java.lang.String k -> k
    java.lang.String l -> l
    sdk.a.a.a.a.a.h m -> m
    int e -> e
    sdk.b.a.a.e.d.f n -> n
    boolean a$58625948(java.lang.Object) -> a
    boolean a$576faca8(sdk.c.a.e.d) -> a
    void e() -> e
    boolean a(org.json.JSONObject,sdk.b.a.a.b.n) -> a
    void a() -> a
    void b() -> b
    void a(java.io.File) -> a
    void f() -> f
    void g() -> g
sdk.b.a.a.a.c -> sdk.b.a.a.a.c:
    sdk.b.a.a.a.b a -> a
    void a() -> a
    int b() -> b
sdk.b.a.a.a.d -> sdk.b.a.a.a.d:
    long a -> a
    long b -> b
    sdk.b.a.a.a.b c -> c
    boolean accept(java.io.File) -> accept
sdk.b.a.a.a.e -> sdk.b.a.a.a.e:
    int d -> d
    boolean c -> c
    void a() -> a
    void e() -> e
    boolean a$58625948(java.lang.Object) -> a
    boolean a$576faca8(sdk.c.a.e.d) -> a
    void b() -> b
sdk.b.a.a.b.a -> sdk.b.a.a.b.a:
    java.lang.String a -> a
    java.lang.String b -> b
    java.lang.String c -> c
    java.lang.String d -> d
    java.lang.String e -> e
    java.lang.String f -> f
    java.lang.String g -> g
    java.lang.String h -> h
    java.lang.String i -> i
    java.lang.String a() -> a
    void a(java.lang.String) -> a
    java.lang.String b() -> b
    java.lang.String c() -> c
    void b(java.lang.String) -> b
    java.lang.String d() -> d
    void c(java.lang.String) -> c
    java.lang.String e() -> e
    void d(java.lang.String) -> d
    java.lang.String f() -> f
    void e(java.lang.String) -> e
    java.lang.String g() -> g
    void f(java.lang.String) -> f
    java.lang.String h() -> h
    void g(java.lang.String) -> g
    java.lang.String i() -> i
    void h(java.lang.String) -> h
sdk.b.a.a.b.b -> sdk.b.a.a.b.b:
    java.lang.String a -> a
    java.lang.String b -> b
    java.lang.String c -> c
    sdk.b.a.a.b.n d -> d
    boolean e -> e
    java.lang.String f -> f
    java.lang.String g -> g
    java.lang.String h -> h
    java.lang.String i -> i
    boolean j -> j
    boolean k -> k
    int l -> l
    java.lang.String m -> m
    java.lang.String a() -> a
    java.lang.String b() -> b
    boolean c() -> c
    boolean d() -> d
    void a(sdk.b.a.a.b.n) -> a
    sdk.b.a.a.b.n e() -> e
    java.lang.String f() -> f
    java.lang.String g() -> g
    java.lang.String h() -> h
    int i() -> i
    java.lang.String j() -> j
    java.lang.String k() -> k
    boolean l() -> l
    void a$1385ff() -> m
    java.lang.String m() -> n
sdk.b.a.a.b.c -> sdk.b.a.a.b.c:
    java.lang.String a -> a
    java.lang.String b -> b
    java.lang.String c -> c
    java.lang.String d -> d
    java.lang.String e -> e
    java.lang.String f -> f