proguard/usage.txt
fm.jihua.weixinexplorer.App:
    private static final java.lang.String IMAGE_CACHE_DIR
    private static final int DEFAULT_MEM_CACHE_SIZE
    69:69:public int getActivityCount()
    73:76:public android.app.Activity getTopActivity()
    106:106:public java.util.List getWeixinIdOldList()
    131:131:public android.support.v4.util.LruCache getMemCache()
fm.jihua.weixinexplorer.BuildConfig
fm.jihua.weixinexplorer.R:
    10:10:public R()
fm.jihua.weixinexplorer.cache.AsyncTask:
    private static final java.lang.String LOG_TAG
    private static final int CORE_POOL_SIZE
    private static final int MAXIMUM_POOL_SIZE
    private static final int KEEP_ALIVE
    private static final int MESSAGE_POST_RESULT
    private static final int MESSAGE_POST_PROGRESS
    295:296:public static void init()
    300:301:public static void setDefaultExecutor(java.util.concurrent.Executor)
    355:355:public final fm.jihua.weixinexplorer.cache.AsyncTask$Status getStatus()
    508:508:public final java.lang.Object get()
    528:528:public final java.lang.Object get(long,java.util.concurrent.TimeUnit)
    560:560:public final varargs fm.jihua.weixinexplorer.cache.AsyncTask execute(java.lang.Object[])
    629:630:public static void execute(java.lang.Runnable)
    647:651:protected final varargs void publishProgress(java.lang.Object[])
fm.jihua.weixinexplorer.cache.BuildConfig
fm.jihua.weixinexplorer.cache.DiskLruCache:
    static final java.lang.String JOURNAL_FILE
    static final java.lang.String JOURNAL_FILE_TMP
    static final java.lang.String MAGIC
    static final java.lang.String VERSION_1
    static final long ANY_SEQUENCE_NUMBER
    private static final java.lang.String CLEAN
    private static final java.lang.String DIRTY
    private static final java.lang.String REMOVE
    private static final java.lang.String READ
    private static final int IO_BUFFER_SIZE
    196:205:public static java.lang.String readFully(java.io.Reader)
    545:545:public java.io.File getDirectory()
    553:553:public long maxSize()
    562:562:public synchronized long size()
    676:679:public synchronized void flush()
    724:724:private static java.lang.String inputStreamToString(java.io.InputStream)
    517:517:static synthetic fm.jihua.weixinexplorer.cache.DiskLruCache$Editor access$5(fm.jihua.weixinexplorer.cache.DiskLruCache,java.lang.String,long)
    723:723:static synthetic java.lang.String access$6(java.io.InputStream)
    111:111:static synthetic java.nio.charset.Charset access$7()
fm.jihua.weixinexplorer.cache.DiskLruCache$Editor:
    787:787:public java.io.InputStream newInputStream(int)
    803:804:public java.lang.String getString(int)
    827:834:public void set(int,java.lang.String)
fm.jihua.weixinexplorer.cache.DiskLruCache$Snapshot:
    747:747:public fm.jihua.weixinexplorer.cache.DiskLruCache$Editor edit()
    761:761:public java.lang.String getString(int)